[2014-10-24 05:08:16] local.ERROR: exception 'Symfony\Component\HttpKernel\Exception\NotFoundHttpException' in /Users/kentheman23/P3/vendor/laravel/framework/src/Illuminate/Routing/RouteCollection.php:146
Stack trace:
#0 /Users/kentheman23/P3/vendor/laravel/framework/src/Illuminate/Routing/Router.php(1017): Illuminate\Routing\RouteCollection->match(Object(Illuminate\Http\Request))
#1 /Users/kentheman23/P3/vendor/laravel/framework/src/Illuminate/Routing/Router.php(985): Illuminate\Routing\Router->findRoute(Object(Illuminate\Http\Request))
#2 /Users/kentheman23/P3/vendor/laravel/framework/src/Illuminate/Routing/Router.php(964): Illuminate\Routing\Router->dispatchToRoute(Object(Illuminate\Http\Request))
#3 /Users/kentheman23/P3/vendor/laravel/framework/src/Illuminate/Foundation/Application.php(738): Illuminate\Routing\Router->dispatch(Object(Illuminate\Http\Request))
#4 /Users/kentheman23/P3/vendor/laravel/framework/src/Illuminate/Foundation/Application.php(708): Illuminate\Foundation\Application->dispatch(Object(Illuminate\Http\Request))
#5 /Users/kentheman23/P3/vendor/laravel/framework/src/Illuminate/Session/Middleware.php(72): Illuminate\Foundation\Application->handle(Object(Illuminate\Http\Request), 1, true)
#6 /Users/kentheman23/P3/vendor/laravel/framework/src/Illuminate/Cookie/Queue.php(47): Illuminate\Session\Middleware->handle(Object(Illuminate\Http\Request), 1, true)
#7 /Users/kentheman23/P3/vendor/laravel/framework/src/Illuminate/Cookie/Guard.php(51): Illuminate\Cookie\Queue->handle(Object(Illuminate\Http\Request), 1, true)
#8 /Users/kentheman23/P3/vendor/stack/builder/src/Stack/StackedHttpKernel.php(23): Illuminate\Cookie\Guard->handle(Object(Illuminate\Http\Request), 1, true)
#9 /Users/kentheman23/P3/vendor/laravel/framework/src/Illuminate/Foundation/Application.php(606): Stack\StackedHttpKernel->handle(Object(Illuminate\Http\Request))
#10 /Users/kentheman23/P3/public/index.php(49): Illuminate\Foundation\Application->run()
#11 {main} [] []
[2014-10-24 05:08:26] local.ERROR: exception 'Symfony\Component\HttpKernel\Exception\NotFoundHttpException' in /Users/kentheman23/P3/vendor/laravel/framework/src/Illuminate/Routing/RouteCollection.php:146
Stack trace:
#0 /Users/kentheman23/P3/vendor/laravel/framework/src/Illuminate/Routing/Router.php(1017): Illuminate\Routing\RouteCollection->match(Object(Illuminate\Http\Request))
#1 /Users/kentheman23/P3/vendor/laravel/framework/src/Illuminate/Routing/Router.php(985): Illuminate\Routing\Router->findRoute(Object(Illuminate\Http\Request))
#2 /Users/kentheman23/P3/vendor/laravel/framework/src/Illuminate/Routing/Router.php(964): Illuminate\Routing\Router->dispatchToRoute(Object(Illuminate\Http\Request))
#3 /Users/kentheman23/P3/vendor/laravel/framework/src/Illuminate/Foundation/Application.php(738): Illuminate\Routing\Router->dispatch(Object(Illuminate\Http\Request))
#4 /Users/kentheman23/P3/vendor/laravel/framework/src/Illuminate/Foundation/Application.php(708): Illuminate\Foundation\Application->dispatch(Object(Illuminate\Http\Request))
#5 /Users/kentheman23/P3/vendor/laravel/framework/src/Illuminate/Session/Middleware.php(72): Illuminate\Foundation\Application->handle(Object(Illuminate\Http\Request), 1, true)
#6 /Users/kentheman23/P3/vendor/laravel/framework/src/Illuminate/Cookie/Queue.php(47): Illuminate\Session\Middleware->handle(Object(Illuminate\Http\Request), 1, true)
#7 /Users/kentheman23/P3/vendor/laravel/framework/src/Illuminate/Cookie/Guard.php(51): Illuminate\Cookie\Queue->handle(Object(Illuminate\Http\Request), 1, true)
#8 /Users/kentheman23/P3/vendor/stack/builder/src/Stack/StackedHttpKernel.php(23): Illuminate\Cookie\Guard->handle(Object(Illuminate\Http\Request), 1, true)
#9 /Users/kentheman23/P3/vendor/laravel/framework/src/Illuminate/Foundation/Application.php(606): Stack\StackedHttpKernel->handle(Object(Illuminate\Http\Request))
#10 /Users/kentheman23/P3/public/index.php(49): Illuminate\Foundation\Application->run()
#11 {main} [] []
[2014-10-24 05:10:13] local.ERROR: exception 'Symfony\Component\HttpKernel\Exception\NotFoundHttpException' in /Users/kentheman23/P3/vendor/laravel/framework/src/Illuminate/Routing/RouteCollection.php:146
Stack trace:
#0 /Users/kentheman23/P3/vendor/laravel/framework/src/Illuminate/Routing/Router.php(1017): Illuminate\Routing\RouteCollection->match(Object(Illuminate\Http\Request))
#1 /Users/kentheman23/P3/vendor/laravel/framework/src/Illuminate/Routing/Router.php(985): Illuminate\Routing\Router->findRoute(Object(Illuminate\Http\Request))
#2 /Users/kentheman23/P3/vendor/laravel/framework/src/Illuminate/Routing/Router.php(964): Illuminate\Routing\Router->dispatchToRoute(Object(Illuminate\Http\Request))
#3 /Users/kentheman23/P3/vendor/laravel/framework/src/Illuminate/Foundation/Application.php(738): Illuminate\Routing\Router->dispatch(Object(Illuminate\Http\Request))
#4 /Users/kentheman23/P3/vendor/laravel/framework/src/Illuminate/Foundation/Application.php(708): Illuminate\Foundation\Application->dispatch(Object(Illuminate\Http\Request))
#5 /Users/kentheman23/P3/vendor/laravel/framework/src/Illuminate/Session/Middleware.php(72): Illuminate\Foundation\Application->handle(Object(Illuminate\Http\Request), 1, true)
#6 /Users/kentheman23/P3/vendor/laravel/framework/src/Illuminate/Cookie/Queue.php(47): Illuminate\Session\Middleware->handle(Object(Illuminate\Http\Request), 1, true)
#7 /Users/kentheman23/P3/vendor/laravel/framework/src/Illuminate/Cookie/Guard.php(51): Illuminate\Cookie\Queue->handle(Object(Illuminate\Http\Request), 1, true)
#8 /Users/kentheman23/P3/vendor/stack/builder/src/Stack/StackedHttpKernel.php(23): Illuminate\Cookie\Guard->handle(Object(Illuminate\Http\Request), 1, true)
#9 /Users/kentheman23/P3/vendor/laravel/framework/src/Illuminate/Foundation/Application.php(606): Stack\StackedHttpKernel->handle(Object(Illuminate\Http\Request))
#10 /Users/kentheman23/P3/public/index.php(49): Illuminate\Foundation\Application->run()
#11 {main} [] []
[2014-10-24 05:10:14] local.ERROR: exception 'Symfony\Component\HttpKernel\Exception\NotFoundHttpException' in /Users/kentheman23/P3/vendor/laravel/framework/src/Illuminate/Routing/RouteCollection.php:146
Stack trace:
#0 /Users/kentheman23/P3/vendor/laravel/framework/src/Illuminate/Routing/Router.php(1017): Illuminate\Routing\RouteCollection->match(Object(Illuminate\Http\Request))
#1 /Users/kentheman23/P3/vendor/laravel/framework/src/Illuminate/Routing/Router.php(985): Illuminate\Routing\Router->findRoute(Object(Illuminate\Http\Request))
#2 /Users/kentheman23/P3/vendor/laravel/framework/src/Illuminate/Routing/Router.php(964): Illuminate\Routing\Router->dispatchToRoute(Object(Illuminate\Http\Request))
#3 /Users/kentheman23/P3/vendor/laravel/framework/src/Illuminate/Foundation/Application.php(738): Illuminate\Routing\Router->dispatch(Object(Illuminate\Http\Request))
#4 /Users/kentheman23/P3/vendor/laravel/framework/src/Illuminate/Foundation/Application.php(708): Illuminate\Foundation\Application->dispatch(Object(Illuminate\Http\Request))
#5 /Users/kentheman23/P3/vendor/laravel/framework/src/Illuminate/Session/Middleware.php(72): Illuminate\Foundation\Application->handle(Object(Illuminate\Http\Request), 1, true)
#6 /Users/kentheman23/P3/vendor/laravel/framework/src/Illuminate/Cookie/Queue.php(47): Illuminate\Session\Middleware->handle(Object(Illuminate\Http\Request), 1, true)
#7 /Users/kentheman23/P3/vendor/laravel/framework/src/Illuminate/Cookie/Guard.php(51): Illuminate\Cookie\Queue->handle(Object(Illuminate\Http\Request), 1, true)
#8 /Users/kentheman23/P3/vendor/stack/builder/src/Stack/StackedHttpKernel.php(23): Illuminate\Cookie\Guard->handle(Object(Illuminate\Http\Request), 1, true)
#9 /Users/kentheman23/P3/vendor/laravel/framework/src/Illuminate/Foundation/Application.php(606): Stack\StackedHttpKernel->handle(Object(Illuminate\Http\Request))
#10 /Users/kentheman23/P3/public/index.php(49): Illuminate\Foundation\Application->run()
#11 {main} [] []
[2014-10-24 06:10:05] local.ERROR: exception 'Symfony\Component\Debug\Exception\FatalErrorException' with message 'syntax error, unexpected 'return' (T_RETURN)' in /Users/kentheman23/P3/app/routes.php:65
Stack trace:
#0 [internal function]: Illuminate\Exception\Handler->handleShutdown()
#1 {main} [] []
[2014-10-24 06:10:37] local.ERROR: exception 'Symfony\Component\Debug\Exception\FatalErrorException' with message 'syntax error, unexpected 'return' (T_RETURN)' in /Users/kentheman23/P3/app/routes.php:65
Stack trace:
#0 [internal function]: Illuminate\Exception\Handler->handleShutdown()
#1 {main} [] []
[2014-10-24 06:11:53] local.ERROR: exception 'Symfony\Component\Debug\Exception\FatalErrorException' with message 'syntax error, unexpected 'return' (T_RETURN)' in /Users/kentheman23/P3/app/routes.php:64
Stack trace:
#0 [internal function]: Illuminate\Exception\Handler->handleShutdown()
#1 {main} [] []
[2014-10-24 06:11:56] local.ERROR: exception 'Symfony\Component\Debug\Exception\FatalErrorException' with message 'syntax error, unexpected 'return' (T_RETURN)' in /Users/kentheman23/P3/app/routes.php:64
Stack trace:
#0 [internal function]: Illuminate\Exception\Handler->handleShutdown()
#1 {main} [] []
[2014-10-24 06:15:07] local.ERROR: exception 'Symfony\Component\Debug\Exception\FatalErrorException' with message 'syntax error, unexpected ':'' in /Users/kentheman23/P3/app/routes.php:44
Stack trace:
#0 [internal function]: Illuminate\Exception\Handler->handleShutdown()
#1 {main} [] []
[2014-10-24 06:15:07] local.ERROR: exception 'Symfony\Component\Debug\Exception\FatalErrorException' with message 'syntax error, unexpected ':'' in /Users/kentheman23/P3/app/routes.php:44
Stack trace:
#0 [internal function]: Illuminate\Exception\Handler->handleShutdown()
#1 {main} [] []
[2014-10-24 06:16:34] local.ERROR: exception 'Symfony\Component\Debug\Exception\FatalErrorException' with message 'syntax error, unexpected 'if' (T_IF)' in /Users/kentheman23/P3/app/routes.php:59
Stack trace:
#0 [internal function]: Illuminate\Exception\Handler->handleShutdown()
#1 {main} [] []
[2014-10-24 06:16:46] local.ERROR: exception 'Symfony\Component\Debug\Exception\FatalErrorException' with message 'syntax error, unexpected 'if' (T_IF)' in /Users/kentheman23/P3/app/routes.php:59
Stack trace:
#0 [internal function]: Illuminate\Exception\Handler->handleShutdown()
#1 {main} [] []
[2014-10-24 06:16:47] local.ERROR: exception 'Symfony\Component\Debug\Exception\FatalErrorException' with message 'syntax error, unexpected 'if' (T_IF)' in /Users/kentheman23/P3/app/routes.php:59
Stack trace:
#0 [internal function]: Illuminate\Exception\Handler->handleShutdown()
#1 {main} [] []
[2014-10-24 06:17:20] local.ERROR: exception 'Symfony\Component\Debug\Exception\FatalErrorException' with message 'syntax error, unexpected 'return' (T_RETURN)' in /Users/kentheman23/P3/app/routes.php:64
Stack trace:
#0 [internal function]: Illuminate\Exception\Handler->handleShutdown()
#1 {main} [] []
[2014-10-24 06:17:21] local.ERROR: exception 'Symfony\Component\Debug\Exception\FatalErrorException' with message 'syntax error, unexpected 'return' (T_RETURN)' in /Users/kentheman23/P3/app/routes.php:64
Stack trace:
#0 [internal function]: Illuminate\Exception\Handler->handleShutdown()
#1 {main} [] []
[2014-10-24 06:23:17] local.ERROR: exception 'Symfony\Component\Debug\Exception\FatalErrorException' with message 'syntax error, unexpected ';'' in /Users/kentheman23/P3/app/storage/views/ebb8676190ca8737cc1625307b065e01:12
Stack trace:
#0 [internal function]: Illuminate\Exception\Handler->handleShutdown()
#1 {main} [] []
[2014-10-24 06:28:29] local.ERROR: exception 'Symfony\Component\Debug\Exception\FatalErrorException' with message 'syntax error, unexpected 's' (T_STRING)' in /Users/kentheman23/P3/app/storage/views/4790921f66be3f9b8f0703879c846fcd:5
Stack trace:
#0 [internal function]: Illuminate\Exception\Handler->handleShutdown()
#1 {main} [] []
[2014-12-15 06:46:15] local.ERROR: exception 'Symfony\Component\HttpKernel\Exception\NotFoundHttpException' in /Users/kentheman23/P3/vendor/laravel/framework/src/Illuminate/Routing/RouteCollection.php:146
Stack trace:
#0 /Users/kentheman23/P3/vendor/laravel/framework/src/Illuminate/Routing/Router.php(1017): Illuminate\Routing\RouteCollection->match(Object(Illuminate\Http\Request))
#1 /Users/kentheman23/P3/vendor/laravel/framework/src/Illuminate/Routing/Router.php(985): Illuminate\Routing\Router->findRoute(Object(Illuminate\Http\Request))
#2 /Users/kentheman23/P3/vendor/laravel/framework/src/Illuminate/Routing/Router.php(964): Illuminate\Routing\Router->dispatchToRoute(Object(Illuminate\Http\Request))
#3 /Users/kentheman23/P3/vendor/laravel/framework/src/Illuminate/Foundation/Application.php(738): Illuminate\Routing\Router->dispatch(Object(Illuminate\Http\Request))
#4 /Users/kentheman23/P3/vendor/laravel/framework/src/Illuminate/Foundation/Application.php(708): Illuminate\Foundation\Application->dispatch(Object(Illuminate\Http\Request))
#5 /Users/kentheman23/P3/vendor/laravel/framework/src/Illuminate/Session/Middleware.php(72): Illuminate\Foundation\Application->handle(Object(Illuminate\Http\Request), 1, true)
#6 /Users/kentheman23/P3/vendor/laravel/framework/src/Illuminate/Cookie/Queue.php(47): Illuminate\Session\Middleware->handle(Object(Illuminate\Http\Request), 1, true)
#7 /Users/kentheman23/P3/vendor/laravel/framework/src/Illuminate/Cookie/Guard.php(51): Illuminate\Cookie\Queue->handle(Object(Illuminate\Http\Request), 1, true)
#8 /Users/kentheman23/P3/vendor/stack/builder/src/Stack/StackedHttpKernel.php(23): Illuminate\Cookie\Guard->handle(Object(Illuminate\Http\Request), 1, true)
#9 /Users/kentheman23/P3/vendor/laravel/framework/src/Illuminate/Foundation/Application.php(606): Stack\StackedHttpKernel->handle(Object(Illuminate\Http\Request))
#10 /Users/kentheman23/P3/public/index.php(49): Illuminate\Foundation\Application->run()
#11 {main} [] []
[2014-12-15 21:17:12] local.ERROR: exception 'Symfony\Component\HttpKernel\Exception\NotFoundHttpException' in /Users/kentheman23/P3/vendor/laravel/framework/src/Illuminate/Routing/RouteCollection.php:146
Stack trace:
#0 /Users/kentheman23/P3/vendor/laravel/framework/src/Illuminate/Routing/Router.php(1017): Illuminate\Routing\RouteCollection->match(Object(Illuminate\Http\Request))
#1 /Users/kentheman23/P3/vendor/laravel/framework/src/Illuminate/Routing/Router.php(985): Illuminate\Routing\Router->findRoute(Object(Illuminate\Http\Request))
#2 /Users/kentheman23/P3/vendor/laravel/framework/src/Illuminate/Routing/Router.php(964): Illuminate\Routing\Router->dispatchToRoute(Object(Illuminate\Http\Request))
#3 /Users/kentheman23/P3/vendor/laravel/framework/src/Illuminate/Foundation/Application.php(738): Illuminate\Routing\Router->dispatch(Object(Illuminate\Http\Request))
#4 /Users/kentheman23/P3/vendor/laravel/framework/src/Illuminate/Foundation/Application.php(708): Illuminate\Foundation\Application->dispatch(Object(Illuminate\Http\Request))
#5 /Users/kentheman23/P3/vendor/laravel/framework/src/Illuminate/Session/Middleware.php(72): Illuminate\Foundation\Application->handle(Object(Illuminate\Http\Request), 1, true)
#6 /Users/kentheman23/P3/vendor/laravel/framework/src/Illuminate/Cookie/Queue.php(47): Illuminate\Session\Middleware->handle(Object(Illuminate\Http\Request), 1, true)
#7 /Users/kentheman23/P3/vendor/laravel/framework/src/Illuminate/Cookie/Guard.php(51): Illuminate\Cookie\Queue->handle(Object(Illuminate\Http\Request), 1, true)
#8 /Users/kentheman23/P3/vendor/stack/builder/src/Stack/StackedHttpKernel.php(23): Illuminate\Cookie\Guard->handle(Object(Illuminate\Http\Request), 1, true)
#9 /Users/kentheman23/P3/vendor/laravel/framework/src/Illuminate/Foundation/Application.php(606): Stack\StackedHttpKernel->handle(Object(Illuminate\Http\Request))
#10 /Users/kentheman23/P3/public/index.php(49): Illuminate\Foundation\Application->run()
#11 {main} [] []
[2014-12-15 21:17:25] local.ERROR: exception 'Symfony\Component\HttpKernel\Exception\NotFoundHttpException' in /Users/kentheman23/P3/vendor/laravel/framework/src/Illuminate/Routing/RouteCollection.php:146
Stack trace:
#0 /Users/kentheman23/P3/vendor/laravel/framework/src/Illuminate/Routing/Router.php(1017): Illuminate\Routing\RouteCollection->match(Object(Illuminate\Http\Request))
#1 /Users/kentheman23/P3/vendor/laravel/framework/src/Illuminate/Routing/Router.php(985): Illuminate\Routing\Router->findRoute(Object(Illuminate\Http\Request))
#2 /Users/kentheman23/P3/vendor/laravel/framework/src/Illuminate/Routing/Router.php(964): Illuminate\Routing\Router->dispatchToRoute(Object(Illuminate\Http\Request))
#3 /Users/kentheman23/P3/vendor/laravel/framework/src/Illuminate/Foundation/Application.php(738): Illuminate\Routing\Router->dispatch(Object(Illuminate\Http\Request))
#4 /Users/kentheman23/P3/vendor/laravel/framework/src/Illuminate/Foundation/Application.php(708): Illuminate\Foundation\Application->dispatch(Object(Illuminate\Http\Request))
#5 /Users/kentheman23/P3/vendor/laravel/framework/src/Illuminate/Session/Middleware.php(72): Illuminate\Foundation\Application->handle(Object(Illuminate\Http\Request), 1, true)
#6 /Users/kentheman23/P3/vendor/laravel/framework/src/Illuminate/Cookie/Queue.php(47): Illuminate\Session\Middleware->handle(Object(Illuminate\Http\Request), 1, true)
#7 /Users/kentheman23/P3/vendor/laravel/framework/src/Illuminate/Cookie/Guard.php(51): Illuminate\Cookie\Queue->handle(Object(Illuminate\Http\Request), 1, true)
#8 /Users/kentheman23/P3/vendor/stack/builder/src/Stack/StackedHttpKernel.php(23): Illuminate\Cookie\Guard->handle(Object(Illuminate\Http\Request), 1, true)
#9 /Users/kentheman23/P3/vendor/laravel/framework/src/Illuminate/Foundation/Application.php(606): Stack\StackedHttpKernel->handle(Object(Illuminate\Http\Request))
#10 /Users/kentheman23/P3/public/index.php(49): Illuminate\Foundation\Application->run()
#11 {main} [] []
[2014-12-15 21:24:47] local.ERROR: exception 'Symfony\Component\HttpKernel\Exception\NotFoundHttpException' in /Users/kentheman23/P3/vendor/laravel/framework/src/Illuminate/Routing/RouteCollection.php:146
Stack trace:
#0 /Users/kentheman23/P3/vendor/laravel/framework/src/Illuminate/Routing/Router.php(1017): Illuminate\Routing\RouteCollection->match(Object(Illuminate\Http\Request))
#1 /Users/kentheman23/P3/vendor/laravel/framework/src/Illuminate/Routing/Router.php(985): Illuminate\Routing\Router->findRoute(Object(Illuminate\Http\Request))
#2 /Users/kentheman23/P3/vendor/laravel/framework/src/Illuminate/Routing/Router.php(964): Illuminate\Routing\Router->dispatchToRoute(Object(Illuminate\Http\Request))
#3 /Users/kentheman23/P3/vendor/laravel/framework/src/Illuminate/Foundation/Application.php(738): Illuminate\Routing\Router->dispatch(Object(Illuminate\Http\Request))
#4 /Users/kentheman23/P3/vendor/laravel/framework/src/Illuminate/Foundation/Application.php(708): Illuminate\Foundation\Application->dispatch(Object(Illuminate\Http\Request))
#5 /Users/kentheman23/P3/vendor/laravel/framework/src/Illuminate/Session/Middleware.php(72): Illuminate\Foundation\Application->handle(Object(Illuminate\Http\Request), 1, true)
#6 /Users/kentheman23/P3/vendor/laravel/framework/src/Illuminate/Cookie/Queue.php(47): Illuminate\Session\Middleware->handle(Object(Illuminate\Http\Request), 1, true)
#7 /Users/kentheman23/P3/vendor/laravel/framework/src/Illuminate/Cookie/Guard.php(51): Illuminate\Cookie\Queue->handle(Object(Illuminate\Http\Request), 1, true)
#8 /Users/kentheman23/P3/vendor/stack/builder/src/Stack/StackedHttpKernel.php(23): Illuminate\Cookie\Guard->handle(Object(Illuminate\Http\Request), 1, true)
#9 /Users/kentheman23/P3/vendor/laravel/framework/src/Illuminate/Foundation/Application.php(606): Stack\StackedHttpKernel->handle(Object(Illuminate\Http\Request))
#10 /Users/kentheman23/P3/public/index.php(49): Illuminate\Foundation\Application->run()
#11 {main} [] []
[2014-12-15 21:24:48] local.ERROR: exception 'Symfony\Component\HttpKernel\Exception\NotFoundHttpException' in /Users/kentheman23/P3/vendor/laravel/framework/src/Illuminate/Routing/RouteCollection.php:146
Stack trace:
#0 /Users/kentheman23/P3/vendor/laravel/framework/src/Illuminate/Routing/Router.php(1017): Illuminate\Routing\RouteCollection->match(Object(Illuminate\Http\Request))
#1 /Users/kentheman23/P3/vendor/laravel/framework/src/Illuminate/Routing/Router.php(985): Illuminate\Routing\Router->findRoute(Object(Illuminate\Http\Request))
#2 /Users/kentheman23/P3/vendor/laravel/framework/src/Illuminate/Routing/Router.php(964): Illuminate\Routing\Router->dispatchToRoute(Object(Illuminate\Http\Request))
#3 /Users/kentheman23/P3/vendor/laravel/framework/src/Illuminate/Foundation/Application.php(738): Illuminate\Routing\Router->dispatch(Object(Illuminate\Http\Request))
#4 /Users/kentheman23/P3/vendor/laravel/framework/src/Illuminate/Foundation/Application.php(708): Illuminate\Foundation\Application->dispatch(Object(Illuminate\Http\Request))
#5 /Users/kentheman23/P3/vendor/laravel/framework/src/Illuminate/Session/Middleware.php(72): Illuminate\Foundation\Application->handle(Object(Illuminate\Http\Request), 1, true)
#6 /Users/kentheman23/P3/vendor/laravel/framework/src/Illuminate/Cookie/Queue.php(47): Illuminate\Session\Middleware->handle(Object(Illuminate\Http\Request), 1, true)
#7 /Users/kentheman23/P3/vendor/laravel/framework/src/Illuminate/Cookie/Guard.php(51): Illuminate\Cookie\Queue->handle(Object(Illuminate\Http\Request), 1, true)
#8 /Users/kentheman23/P3/vendor/stack/builder/src/Stack/StackedHttpKernel.php(23): Illuminate\Cookie\Guard->handle(Object(Illuminate\Http\Request), 1, true)
#9 /Users/kentheman23/P3/vendor/laravel/framework/src/Illuminate/Foundation/Application.php(606): Stack\StackedHttpKernel->handle(Object(Illuminate\Http\Request))
#10 /Users/kentheman23/P3/public/index.php(49): Illuminate\Foundation\Application->run()
#11 {main} [] []
[2014-12-15 21:25:05] local.ERROR: exception 'Symfony\Component\HttpKernel\Exception\NotFoundHttpException' in /Users/kentheman23/P3/vendor/laravel/framework/src/Illuminate/Routing/RouteCollection.php:146
Stack trace:
#0 /Users/kentheman23/P3/vendor/laravel/framework/src/Illuminate/Routing/Router.php(1017): Illuminate\Routing\RouteCollection->match(Object(Illuminate\Http\Request))
#1 /Users/kentheman23/P3/vendor/laravel/framework/src/Illuminate/Routing/Router.php(985): Illuminate\Routing\Router->findRoute(Object(Illuminate\Http\Request))
#2 /Users/kentheman23/P3/vendor/laravel/framework/src/Illuminate/Routing/Router.php(964): Illuminate\Routing\Router->dispatchToRoute(Object(Illuminate\Http\Request))
#3 /Users/kentheman23/P3/vendor/laravel/framework/src/Illuminate/Foundation/Application.php(738): Illuminate\Routing\Router->dispatch(Object(Illuminate\Http\Request))
#4 /Users/kentheman23/P3/vendor/laravel/framework/src/Illuminate/Foundation/Application.php(708): Illuminate\Foundation\Application->dispatch(Object(Illuminate\Http\Request))
#5 /Users/kentheman23/P3/vendor/laravel/framework/src/Illuminate/Session/Middleware.php(72): Illuminate\Foundation\Application->handle(Object(Illuminate\Http\Request), 1, true)
#6 /Users/kentheman23/P3/vendor/laravel/framework/src/Illuminate/Cookie/Queue.php(47): Illuminate\Session\Middleware->handle(Object(Illuminate\Http\Request), 1, true)
#7 /Users/kentheman23/P3/vendor/laravel/framework/src/Illuminate/Cookie/Guard.php(51): Illuminate\Cookie\Queue->handle(Object(Illuminate\Http\Request), 1, true)
#8 /Users/kentheman23/P3/vendor/stack/builder/src/Stack/StackedHttpKernel.php(23): Illuminate\Cookie\Guard->handle(Object(Illuminate\Http\Request), 1, true)
#9 /Users/kentheman23/P3/vendor/laravel/framework/src/Illuminate/Foundation/Application.php(606): Stack\StackedHttpKernel->handle(Object(Illuminate\Http\Request))
#10 /Users/kentheman23/P3/public/index.php(49): Illuminate\Foundation\Application->run()
#11 {main} [] []
[2014-12-15 21:25:05] local.ERROR: exception 'Symfony\Component\HttpKernel\Exception\NotFoundHttpException' in /Users/kentheman23/P3/vendor/laravel/framework/src/Illuminate/Routing/RouteCollection.php:146
Stack trace:
#0 /Users/kentheman23/P3/vendor/laravel/framework/src/Illuminate/Routing/Router.php(1017): Illuminate\Routing\RouteCollection->match(Object(Illuminate\Http\Request))
#1 /Users/kentheman23/P3/vendor/laravel/framework/src/Illuminate/Routing/Router.php(985): Illuminate\Routing\Router->findRoute(Object(Illuminate\Http\Request))
#2 /Users/kentheman23/P3/vendor/laravel/framework/src/Illuminate/Routing/Router.php(964): Illuminate\Routing\Router->dispatchToRoute(Object(Illuminate\Http\Request))
#3 /Users/kentheman23/P3/vendor/laravel/framework/src/Illuminate/Foundation/Application.php(738): Illuminate\Routing\Router->dispatch(Object(Illuminate\Http\Request))
#4 /Users/kentheman23/P3/vendor/laravel/framework/src/Illuminate/Foundation/Application.php(708): Illuminate\Foundation\Application->dispatch(Object(Illuminate\Http\Request))
#5 /Users/kentheman23/P3/vendor/laravel/framework/src/Illuminate/Session/Middleware.php(72): Illuminate\Foundation\Application->handle(Object(Illuminate\Http\Request), 1, true)
#6 /Users/kentheman23/P3/vendor/laravel/framework/src/Illuminate/Cookie/Queue.php(47): Illuminate\Session\Middleware->handle(Object(Illuminate\Http\Request), 1, true)
#7 /Users/kentheman23/P3/vendor/laravel/framework/src/Illuminate/Cookie/Guard.php(51): Illuminate\Cookie\Queue->handle(Object(Illuminate\Http\Request), 1, true)
#8 /Users/kentheman23/P3/vendor/stack/builder/src/Stack/StackedHttpKernel.php(23): Illuminate\Cookie\Guard->handle(Object(Illuminate\Http\Request), 1, true)
#9 /Users/kentheman23/P3/vendor/laravel/framework/src/Illuminate/Foundation/Application.php(606): Stack\StackedHttpKernel->handle(Object(Illuminate\Http\Request))
#10 /Users/kentheman23/P3/public/index.php(49): Illuminate\Foundation\Application->run()
#11 {main} [] []
[2014-12-15 21:25:05] local.ERROR: exception 'Symfony\Component\HttpKernel\Exception\NotFoundHttpException' in /Users/kentheman23/P3/vendor/laravel/framework/src/Illuminate/Routing/RouteCollection.php:146
Stack trace:
#0 /Users/kentheman23/P3/vendor/laravel/framework/src/Illuminate/Routing/Router.php(1017): Illuminate\Routing\RouteCollection->match(Object(Illuminate\Http\Request))
#1 /Users/kentheman23/P3/vendor/laravel/framework/src/Illuminate/Routing/Router.php(985): Illuminate\Routing\Router->findRoute(Object(Illuminate\Http\Request))
#2 /Users/kentheman23/P3/vendor/laravel/framework/src/Illuminate/Routing/Router.php(964): Illuminate\Routing\Router->dispatchToRoute(Object(Illuminate\Http\Request))
#3 /Users/kentheman23/P3/vendor/laravel/framework/src/Illuminate/Foundation/Application.php(738): Illuminate\Routing\Router->dispatch(Object(Illuminate\Http\Request))
#4 /Users/kentheman23/P3/vendor/laravel/framework/src/Illuminate/Foundation/Application.php(708): Illuminate\Foundation\Application->dispatch(Object(Illuminate\Http\Request))
#5 /Users/kentheman23/P3/vendor/laravel/framework/src/Illuminate/Session/Middleware.php(72): Illuminate\Foundation\Application->handle(Object(Illuminate\Http\Request), 1, true)
#6 /Users/kentheman23/P3/vendor/laravel/framework/src/Illuminate/Cookie/Queue.php(47): Illuminate\Session\Middleware->handle(Object(Illuminate\Http\Request), 1, true)
#7 /Users/kentheman23/P3/vendor/laravel/framework/src/Illuminate/Cookie/Guard.php(51): Illuminate\Cookie\Queue->handle(Object(Illuminate\Http\Request), 1, true)
#8 /Users/kentheman23/P3/vendor/stack/builder/src/Stack/StackedHttpKernel.php(23): Illuminate\Cookie\Guard->handle(Object(Illuminate\Http\Request), 1, true)
#9 /Users/kentheman23/P3/vendor/laravel/framework/src/Illuminate/Foundation/Application.php(606): Stack\StackedHttpKernel->handle(Object(Illuminate\Http\Request))
#10 /Users/kentheman23/P3/public/index.php(49): Illuminate\Foundation\Application->run()
#11 {main} [] []
[2014-12-15 21:31:56] local.ERROR: exception 'Symfony\Component\HttpKernel\Exception\NotFoundHttpException' in /Users/kentheman23/P3/vendor/laravel/framework/src/Illuminate/Routing/RouteCollection.php:146
Stack trace:
#0 /Users/kentheman23/P3/vendor/laravel/framework/src/Illuminate/Routing/Router.php(1017): Illuminate\Routing\RouteCollection->match(Object(Illuminate\Http\Request))
#1 /Users/kentheman23/P3/vendor/laravel/framework/src/Illuminate/Routing/Router.php(985): Illuminate\Routing\Router->findRoute(Object(Illuminate\Http\Request))
#2 /Users/kentheman23/P3/vendor/laravel/framework/src/Illuminate/Routing/Router.php(964): Illuminate\Routing\Router->dispatchToRoute(Object(Illuminate\Http\Request))
#3 /Users/kentheman23/P3/vendor/laravel/framework/src/Illuminate/Foundation/Application.php(738): Illuminate\Routing\Router->dispatch(Object(Illuminate\Http\Request))
#4 /Users/kentheman23/P3/vendor/laravel/framework/src/Illuminate/Foundation/Application.php(708): Illuminate\Foundation\Application->dispatch(Object(Illuminate\Http\Request))
#5 /Users/kentheman23/P3/vendor/laravel/framework/src/Illuminate/Session/Middleware.php(72): Illuminate\Foundation\Application->handle(Object(Illuminate\Http\Request), 1, true)
#6 /Users/kentheman23/P3/vendor/laravel/framework/src/Illuminate/Cookie/Queue.php(47): Illuminate\Session\Middleware->handle(Object(Illuminate\Http\Request), 1, true)
#7 /Users/kentheman23/P3/vendor/laravel/framework/src/Illuminate/Cookie/Guard.php(51): Illuminate\Cookie\Queue->handle(Object(Illuminate\Http\Request), 1, true)
#8 /Users/kentheman23/P3/vendor/stack/builder/src/Stack/StackedHttpKernel.php(23): Illuminate\Cookie\Guard->handle(Object(Illuminate\Http\Request), 1, true)
#9 /Users/kentheman23/P3/vendor/laravel/framework/src/Illuminate/Foundation/Application.php(606): Stack\StackedHttpKernel->handle(Object(Illuminate\Http\Request))
#10 /Users/kentheman23/P3/public/index.php(49): Illuminate\Foundation\Application->run()
#11 {main} [] []
[2014-12-15 21:31:56] local.ERROR: exception 'Symfony\Component\HttpKernel\Exception\NotFoundHttpException' in /Users/kentheman23/P3/vendor/laravel/framework/src/Illuminate/Routing/RouteCollection.php:146
Stack trace:
#0 /Users/kentheman23/P3/vendor/laravel/framework/src/Illuminate/Routing/Router.php(1017): Illuminate\Routing\RouteCollection->match(Object(Illuminate\Http\Request))
#1 /Users/kentheman23/P3/vendor/laravel/framework/src/Illuminate/Routing/Router.php(985): Illuminate\Routing\Router->findRoute(Object(Illuminate\Http\Request))
#2 /Users/kentheman23/P3/vendor/laravel/framework/src/Illuminate/Routing/Router.php(964): Illuminate\Routing\Router->dispatchToRoute(Object(Illuminate\Http\Request))
#3 /Users/kentheman23/P3/vendor/laravel/framework/src/Illuminate/Foundation/Application.php(738): Illuminate\Routing\Router->dispatch(Object(Illuminate\Http\Request))
#4 /Users/kentheman23/P3/vendor/laravel/framework/src/Illuminate/Foundation/Application.php(708): Illuminate\Foundation\Application->dispatch(Object(Illuminate\Http\Request))
#5 /Users/kentheman23/P3/vendor/laravel/framework/src/Illuminate/Session/Middleware.php(72): Illuminate\Foundation\Application->handle(Object(Illuminate\Http\Request), 1, true)
#6 /Users/kentheman23/P3/vendor/laravel/framework/src/Illuminate/Cookie/Queue.php(47): Illuminate\Session\Middleware->handle(Object(Illuminate\Http\Request), 1, true)
#7 /Users/kentheman23/P3/vendor/laravel/framework/src/Illuminate/Cookie/Guard.php(51): Illuminate\Cookie\Queue->handle(Object(Illuminate\Http\Request), 1, true)
#8 /Users/kentheman23/P3/vendor/stack/builder/src/Stack/StackedHttpKernel.php(23): Illuminate\Cookie\Guard->handle(Object(Illuminate\Http\Request), 1, true)
#9 /Users/kentheman23/P3/vendor/laravel/framework/src/Illuminate/Foundation/Application.php(606): Stack\StackedHttpKernel->handle(Object(Illuminate\Http\Request))
#10 /Users/kentheman23/P3/public/index.php(49): Illuminate\Foundation\Application->run()
#11 {main} [] []
[2014-12-15 22:23:06] local.ERROR: exception 'Symfony\Component\HttpKernel\Exception\NotFoundHttpException' in /Users/kentheman23/P3/vendor/laravel/framework/src/Illuminate/Routing/RouteCollection.php:146
Stack trace:
#0 /Users/kentheman23/P3/vendor/laravel/framework/src/Illuminate/Routing/Router.php(1017): Illuminate\Routing\RouteCollection->match(Object(Illuminate\Http\Request))
#1 /Users/kentheman23/P3/vendor/laravel/framework/src/Illuminate/Routing/Router.php(985): Illuminate\Routing\Router->findRoute(Object(Illuminate\Http\Request))
#2 /Users/kentheman23/P3/vendor/laravel/framework/src/Illuminate/Routing/Router.php(964): Illuminate\Routing\Router->dispatchToRoute(Object(Illuminate\Http\Request))
#3 /Users/kentheman23/P3/vendor/laravel/framework/src/Illuminate/Foundation/Application.php(738): Illuminate\Routing\Router->dispatch(Object(Illuminate\Http\Request))
#4 /Users/kentheman23/P3/vendor/laravel/framework/src/Illuminate/Foundation/Application.php(708): Illuminate\Foundation\Application->dispatch(Object(Illuminate\Http\Request))
#5 /Users/kentheman23/P3/vendor/laravel/framework/src/Illuminate/Session/Middleware.php(72): Illuminate\Foundation\Application->handle(Object(Illuminate\Http\Request), 1, true)
#6 /Users/kentheman23/P3/vendor/laravel/framework/src/Illuminate/Cookie/Queue.php(47): Illuminate\Session\Middleware->handle(Object(Illuminate\Http\Request), 1, true)
#7 /Users/kentheman23/P3/vendor/laravel/framework/src/Illuminate/Cookie/Guard.php(51): Illuminate\Cookie\Queue->handle(Object(Illuminate\Http\Request), 1, true)
#8 /Users/kentheman23/P3/vendor/stack/builder/src/Stack/StackedHttpKernel.php(23): Illuminate\Cookie\Guard->handle(Object(Illuminate\Http\Request), 1, true)
#9 /Users/kentheman23/P3/vendor/laravel/framework/src/Illuminate/Foundation/Application.php(606): Stack\StackedHttpKernel->handle(Object(Illuminate\Http\Request))
#10 /Users/kentheman23/P3/public/index.php(49): Illuminate\Foundation\Application->run()
#11 {main} [] []
[2014-12-15 22:23:10] local.ERROR: exception 'Symfony\Component\HttpKernel\Exception\NotFoundHttpException' in /Users/kentheman23/P3/vendor/laravel/framework/src/Illuminate/Routing/RouteCollection.php:146
Stack trace:
#0 /Users/kentheman23/P3/vendor/laravel/framework/src/Illuminate/Routing/Router.php(1017): Illuminate\Routing\RouteCollection->match(Object(Illuminate\Http\Request))
#1 /Users/kentheman23/P3/vendor/laravel/framework/src/Illuminate/Routing/Router.php(985): Illuminate\Routing\Router->findRoute(Object(Illuminate\Http\Request))
#2 /Users/kentheman23/P3/vendor/laravel/framework/src/Illuminate/Routing/Router.php(964): Illuminate\Routing\Router->dispatchToRoute(Object(Illuminate\Http\Request))
#3 /Users/kentheman23/P3/vendor/laravel/framework/src/Illuminate/Foundation/Application.php(738): Illuminate\Routing\Router->dispatch(Object(Illuminate\Http\Request))
#4 /Users/kentheman23/P3/vendor/laravel/framework/src/Illuminate/Foundation/Application.php(708): Illuminate\Foundation\Application->dispatch(Object(Illuminate\Http\Request))
#5 /Users/kentheman23/P3/vendor/laravel/framework/src/Illuminate/Session/Middleware.php(72): Illuminate\Foundation\Application->handle(Object(Illuminate\Http\Request), 1, true)
#6 /Users/kentheman23/P3/vendor/laravel/framework/src/Illuminate/Cookie/Queue.php(47): Illuminate\Session\Middleware->handle(Object(Illuminate\Http\Request), 1, true)
#7 /Users/kentheman23/P3/vendor/laravel/framework/src/Illuminate/Cookie/Guard.php(51): Illuminate\Cookie\Queue->handle(Object(Illuminate\Http\Request), 1, true)
#8 /Users/kentheman23/P3/vendor/stack/builder/src/Stack/StackedHttpKernel.php(23): Illuminate\Cookie\Guard->handle(Object(Illuminate\Http\Request), 1, true)
#9 /Users/kentheman23/P3/vendor/laravel/framework/src/Illuminate/Foundation/Application.php(606): Stack\StackedHttpKernel->handle(Object(Illuminate\Http\Request))
#10 /Users/kentheman23/P3/public/index.php(49): Illuminate\Foundation\Application->run()
#11 {main} [] []
[2014-12-15 22:23:10] local.ERROR: exception 'Symfony\Component\HttpKernel\Exception\NotFoundHttpException' in /Users/kentheman23/P3/vendor/laravel/framework/src/Illuminate/Routing/RouteCollection.php:146
Stack trace:
#0 /Users/kentheman23/P3/vendor/laravel/framework/src/Illuminate/Routing/Router.php(1017): Illuminate\Routing\RouteCollection->match(Object(Illuminate\Http\Request))
#1 /Users/kentheman23/P3/vendor/laravel/framework/src/Illuminate/Routing/Router.php(985): Illuminate\Routing\Router->findRoute(Object(Illuminate\Http\Request))
#2 /Users/kentheman23/P3/vendor/laravel/framework/src/Illuminate/Routing/Router.php(964): Illuminate\Routing\Router->dispatchToRoute(Object(Illuminate\Http\Request))
#3 /Users/kentheman23/P3/vendor/laravel/framework/src/Illuminate/Foundation/Application.php(738): Illuminate\Routing\Router->dispatch(Object(Illuminate\Http\Request))
#4 /Users/kentheman23/P3/vendor/laravel/framework/src/Illuminate/Foundation/Application.php(708): Illuminate\Foundation\Application->dispatch(Object(Illuminate\Http\Request))
#5 /Users/kentheman23/P3/vendor/laravel/framework/src/Illuminate/Session/Middleware.php(72): Illuminate\Foundation\Application->handle(Object(Illuminate\Http\Request), 1, true)
#6 /Users/kentheman23/P3/vendor/laravel/framework/src/Illuminate/Cookie/Queue.php(47): Illuminate\Session\Middleware->handle(Object(Illuminate\Http\Request), 1, true)
#7 /Users/kentheman23/P3/vendor/laravel/framework/src/Illuminate/Cookie/Guard.php(51): Illuminate\Cookie\Queue->handle(Object(Illuminate\Http\Request), 1, true)
#8 /Users/kentheman23/P3/vendor/stack/builder/src/Stack/StackedHttpKernel.php(23): Illuminate\Cookie\Guard->handle(Object(Illuminate\Http\Request), 1, true)
#9 /Users/kentheman23/P3/vendor/laravel/framework/src/Illuminate/Foundation/Application.php(606): Stack\StackedHttpKernel->handle(Object(Illuminate\Http\Request))
#10 /Users/kentheman23/P3/public/index.php(49): Illuminate\Foundation\Application->run()
#11 {main} [] []
[2014-12-16 03:06:17] local.ERROR: exception 'Symfony\Component\HttpKernel\Exception\NotFoundHttpException' in /Users/kentheman23/P4/vendor/laravel/framework/src/Illuminate/Routing/RouteCollection.php:146
Stack trace:
#0 /Users/kentheman23/P4/vendor/laravel/framework/src/Illuminate/Routing/Router.php(1017): Illuminate\Routing\RouteCollection->match(Object(Illuminate\Http\Request))
#1 /Users/kentheman23/P4/vendor/laravel/framework/src/Illuminate/Routing/Router.php(985): Illuminate\Routing\Router->findRoute(Object(Illuminate\Http\Request))
#2 /Users/kentheman23/P4/vendor/laravel/framework/src/Illuminate/Routing/Router.php(964): Illuminate\Routing\Router->dispatchToRoute(Object(Illuminate\Http\Request))
#3 /Users/kentheman23/P4/vendor/laravel/framework/src/Illuminate/Foundation/Application.php(738): Illuminate\Routing\Router->dispatch(Object(Illuminate\Http\Request))
#4 /Users/kentheman23/P4/vendor/laravel/framework/src/Illuminate/Foundation/Application.php(708): Illuminate\Foundation\Application->dispatch(Object(Illuminate\Http\Request))
#5 /Users/kentheman23/P4/vendor/laravel/framework/src/Illuminate/Session/Middleware.php(72): Illuminate\Foundation\Application->handle(Object(Illuminate\Http\Request), 1, true)
#6 /Users/kentheman23/P4/vendor/laravel/framework/src/Illuminate/Cookie/Queue.php(47): Illuminate\Session\Middleware->handle(Object(Illuminate\Http\Request), 1, true)
#7 /Users/kentheman23/P4/vendor/laravel/framework/src/Illuminate/Cookie/Guard.php(51): Illuminate\Cookie\Queue->handle(Object(Illuminate\Http\Request), 1, true)
#8 /Users/kentheman23/P4/vendor/stack/builder/src/Stack/StackedHttpKernel.php(23): Illuminate\Cookie\Guard->handle(Object(Illuminate\Http\Request), 1, true)
#9 /Users/kentheman23/P4/vendor/laravel/framework/src/Illuminate/Foundation/Application.php(606): Stack\StackedHttpKernel->handle(Object(Illuminate\Http\Request))
#10 /Users/kentheman23/P4/public/index.php(49): Illuminate\Foundation\Application->run()
#11 {main} [] []
[2014-12-16 03:06:17] local.ERROR: exception 'Symfony\Component\HttpKernel\Exception\NotFoundHttpException' in /Users/kentheman23/P4/vendor/laravel/framework/src/Illuminate/Routing/RouteCollection.php:146
Stack trace:
#0 /Users/kentheman23/P4/vendor/laravel/framework/src/Illuminate/Routing/Router.php(1017): Illuminate\Routing\RouteCollection->match(Object(Illuminate\Http\Request))
#1 /Users/kentheman23/P4/vendor/laravel/framework/src/Illuminate/Routing/Router.php(985): Illuminate\Routing\Router->findRoute(Object(Illuminate\Http\Request))
#2 /Users/kentheman23/P4/vendor/laravel/framework/src/Illuminate/Routing/Router.php(964): Illuminate\Routing\Router->dispatchToRoute(Object(Illuminate\Http\Request))
#3 /Users/kentheman23/P4/vendor/laravel/framework/src/Illuminate/Foundation/Application.php(738): Illuminate\Routing\Router->dispatch(Object(Illuminate\Http\Request))
#4 /Users/kentheman23/P4/vendor/laravel/framework/src/Illuminate/Foundation/Application.php(708): Illuminate\Foundation\Application->dispatch(Object(Illuminate\Http\Request))
#5 /Users/kentheman23/P4/vendor/laravel/framework/src/Illuminate/Session/Middleware.php(72): Illuminate\Foundation\Application->handle(Object(Illuminate\Http\Request), 1, true)
#6 /Users/kentheman23/P4/vendor/laravel/framework/src/Illuminate/Cookie/Queue.php(47): Illuminate\Session\Middleware->handle(Object(Illuminate\Http\Request), 1, true)
#7 /Users/kentheman23/P4/vendor/laravel/framework/src/Illuminate/Cookie/Guard.php(51): Illuminate\Cookie\Queue->handle(Object(Illuminate\Http\Request), 1, true)
#8 /Users/kentheman23/P4/vendor/stack/builder/src/Stack/StackedHttpKernel.php(23): Illuminate\Cookie\Guard->handle(Object(Illuminate\Http\Request), 1, true)
#9 /Users/kentheman23/P4/vendor/laravel/framework/src/Illuminate/Foundation/Application.php(606): Stack\StackedHttpKernel->handle(Object(Illuminate\Http\Request))
#10 /Users/kentheman23/P4/public/index.php(49): Illuminate\Foundation\Application->run()
#11 {main} [] []
[2014-12-16 03:06:17] local.ERROR: exception 'Symfony\Component\HttpKernel\Exception\NotFoundHttpException' in /Users/kentheman23/P4/vendor/laravel/framework/src/Illuminate/Routing/RouteCollection.php:146
Stack trace:
#0 /Users/kentheman23/P4/vendor/laravel/framework/src/Illuminate/Routing/Router.php(1017): Illuminate\Routing\RouteCollection->match(Object(Illuminate\Http\Request))
#1 /Users/kentheman23/P4/vendor/laravel/framework/src/Illuminate/Routing/Router.php(985): Illuminate\Routing\Router->findRoute(Object(Illuminate\Http\Request))
#2 /Users/kentheman23/P4/vendor/laravel/framework/src/Illuminate/Routing/Router.php(964): Illuminate\Routing\Router->dispatchToRoute(Object(Illuminate\Http\Request))
#3 /Users/kentheman23/P4/vendor/laravel/framework/src/Illuminate/Foundation/Application.php(738): Illuminate\Routing\Router->dispatch(Object(Illuminate\Http\Request))
#4 /Users/kentheman23/P4/vendor/laravel/framework/src/Illuminate/Foundation/Application.php(708): Illuminate\Foundation\Application->dispatch(Object(Illuminate\Http\Request))
#5 /Users/kentheman23/P4/vendor/laravel/framework/src/Illuminate/Session/Middleware.php(72): Illuminate\Foundation\Application->handle(Object(Illuminate\Http\Request), 1, true)
#6 /Users/kentheman23/P4/vendor/laravel/framework/src/Illuminate/Cookie/Queue.php(47): Illuminate\Session\Middleware->handle(Object(Illuminate\Http\Request), 1, true)
#7 /Users/kentheman23/P4/vendor/laravel/framework/src/Illuminate/Cookie/Guard.php(51): Illuminate\Cookie\Queue->handle(Object(Illuminate\Http\Request), 1, true)
#8 /Users/kentheman23/P4/vendor/stack/builder/src/Stack/StackedHttpKernel.php(23): Illuminate\Cookie\Guard->handle(Object(Illuminate\Http\Request), 1, true)
#9 /Users/kentheman23/P4/vendor/laravel/framework/src/Illuminate/Foundation/Application.php(606): Stack\StackedHttpKernel->handle(Object(Illuminate\Http\Request))
#10 /Users/kentheman23/P4/public/index.php(49): Illuminate\Foundation\Application->run()
#11 {main} [] []
[2014-12-16 03:06:17] local.ERROR: exception 'Symfony\Component\HttpKernel\Exception\NotFoundHttpException' in /Users/kentheman23/P4/vendor/laravel/framework/src/Illuminate/Routing/RouteCollection.php:146
Stack trace:
#0 /Users/kentheman23/P4/vendor/laravel/framework/src/Illuminate/Routing/Router.php(1017): Illuminate\Routing\RouteCollection->match(Object(Illuminate\Http\Request))
#1 /Users/kentheman23/P4/vendor/laravel/framework/src/Illuminate/Routing/Router.php(985): Illuminate\Routing\Router->findRoute(Object(Illuminate\Http\Request))
#2 /Users/kentheman23/P4/vendor/laravel/framework/src/Illuminate/Routing/Router.php(964): Illuminate\Routing\Router->dispatchToRoute(Object(Illuminate\Http\Request))
#3 /Users/kentheman23/P4/vendor/laravel/framework/src/Illuminate/Foundation/Application.php(738): Illuminate\Routing\Router->dispatch(Object(Illuminate\Http\Request))
#4 /Users/kentheman23/P4/vendor/laravel/framework/src/Illuminate/Foundation/Application.php(708): Illuminate\Foundation\Application->dispatch(Object(Illuminate\Http\Request))
#5 /Users/kentheman23/P4/vendor/laravel/framework/src/Illuminate/Session/Middleware.php(72): Illuminate\Foundation\Application->handle(Object(Illuminate\Http\Request), 1, true)
#6 /Users/kentheman23/P4/vendor/laravel/framework/src/Illuminate/Cookie/Queue.php(47): Illuminate\Session\Middleware->handle(Object(Illuminate\Http\Request), 1, true)
#7 /Users/kentheman23/P4/vendor/laravel/framework/src/Illuminate/Cookie/Guard.php(51): Illuminate\Cookie\Queue->handle(Object(Illuminate\Http\Request), 1, true)
#8 /Users/kentheman23/P4/vendor/stack/builder/src/Stack/StackedHttpKernel.php(23): Illuminate\Cookie\Guard->handle(Object(Illuminate\Http\Request), 1, true)
#9 /Users/kentheman23/P4/vendor/laravel/framework/src/Illuminate/Foundation/Application.php(606): Stack\StackedHttpKernel->handle(Object(Illuminate\Http\Request))
#10 /Users/kentheman23/P4/public/index.php(49): Illuminate\Foundation\Application->run()
#11 {main} [] []
[2014-12-16 03:14:48] local.ERROR: exception 'Illuminate\Database\QueryException' with message 'SQLSTATE[42S02]: Base table or view not found: 1146 Table 'mysql.users' doesn't exist (SQL: select * from `users` where `email` =  limit 1)' in /Users/kentheman23/P4/vendor/laravel/framework/src/Illuminate/Database/Connection.php:555
Stack trace:
#0 /Users/kentheman23/P4/vendor/laravel/framework/src/Illuminate/Database/Connection.php(283): Illuminate\Database\Connection->run('select * from `...', Array, Object(Closure))
#1 /Users/kentheman23/P4/vendor/laravel/framework/src/Illuminate/Database/Query/Builder.php(1360): Illuminate\Database\Connection->select('select * from `...', Array)
#2 /Users/kentheman23/P4/vendor/laravel/framework/src/Illuminate/Database/Query/Builder.php(1350): Illuminate\Database\Query\Builder->runSelect()
#3 /Users/kentheman23/P4/vendor/laravel/framework/src/Illuminate/Database/Query/Builder.php(1337): Illuminate\Database\Query\Builder->getFresh(Array)
#4 /Users/kentheman23/P4/vendor/laravel/framework/src/Illuminate/Database/Eloquent/Builder.php(416): Illuminate\Database\Query\Builder->get(Array)
#5 /Users/kentheman23/P4/vendor/laravel/framework/src/Illuminate/Database/Eloquent/Builder.php(151): Illuminate\Database\Eloquent\Builder->getModels(Array)
#6 /Users/kentheman23/P4/vendor/laravel/framework/src/Illuminate/Database/Eloquent/Builder.php(125): Illuminate\Database\Eloquent\Builder->get(Array)
#7 /Users/kentheman23/P4/vendor/laravel/framework/src/Illuminate/Auth/EloquentUserProvider.php(94): Illuminate\Database\Eloquent\Builder->first()
#8 /Users/kentheman23/P4/vendor/laravel/framework/src/Illuminate/Auth/Guard.php(346): Illuminate\Auth\EloquentUserProvider->retrieveByCredentials(Array)
#9 [internal function]: Illuminate\Auth\Guard->attempt(Array, true)
#10 /Users/kentheman23/P4/vendor/laravel/framework/src/Illuminate/Support/Manager.php(138): call_user_func_array(Array, Array)
#11 /Users/kentheman23/P4/vendor/laravel/framework/src/Illuminate/Support/Facades/Facade.php(211): Illuminate\Support\Manager->__call('attempt', Array)
#12 /Users/kentheman23/P4/vendor/laravel/framework/src/Illuminate/Support/Facades/Facade.php(211): Illuminate\Auth\AuthManager->attempt(Array, true)
#13 /Users/kentheman23/P4/app/routes.php(95): Illuminate\Support\Facades\Facade::__callStatic('attempt', Array)
#14 /Users/kentheman23/P4/app/routes.php(95): Illuminate\Support\Facades\Auth::attempt(Array, true)
#15 [internal function]: {closure}()
#16 /Users/kentheman23/P4/vendor/laravel/framework/src/Illuminate/Routing/Route.php(105): call_user_func_array(Object(Closure), Array)
#17 /Users/kentheman23/P4/vendor/laravel/framework/src/Illuminate/Routing/Router.php(996): Illuminate\Routing\Route->run(Object(Illuminate\Http\Request))
#18 /Users/kentheman23/P4/vendor/laravel/framework/src/Illuminate/Routing/Router.php(964): Illuminate\Routing\Router->dispatchToRoute(Object(Illuminate\Http\Request))
#19 /Users/kentheman23/P4/vendor/laravel/framework/src/Illuminate/Foundation/Application.php(738): Illuminate\Routing\Router->dispatch(Object(Illuminate\Http\Request))
#20 /Users/kentheman23/P4/vendor/laravel/framework/src/Illuminate/Foundation/Application.php(708): Illuminate\Foundation\Application->dispatch(Object(Illuminate\Http\Request))
#21 /Users/kentheman23/P4/vendor/laravel/framework/src/Illuminate/Session/Middleware.php(72): Illuminate\Foundation\Application->handle(Object(Illuminate\Http\Request), 1, true)
#22 /Users/kentheman23/P4/vendor/laravel/framework/src/Illuminate/Cookie/Queue.php(47): Illuminate\Session\Middleware->handle(Object(Illuminate\Http\Request), 1, true)
#23 /Users/kentheman23/P4/vendor/laravel/framework/src/Illuminate/Cookie/Guard.php(51): Illuminate\Cookie\Queue->handle(Object(Illuminate\Http\Request), 1, true)
#24 /Users/kentheman23/P4/vendor/stack/builder/src/Stack/StackedHttpKernel.php(23): Illuminate\Cookie\Guard->handle(Object(Illuminate\Http\Request), 1, true)
#25 /Users/kentheman23/P4/vendor/laravel/framework/src/Illuminate/Foundation/Application.php(606): Stack\StackedHttpKernel->handle(Object(Illuminate\Http\Request))
#26 /Users/kentheman23/P4/public/index.php(49): Illuminate\Foundation\Application->run()
#27 {main} [] []
[2014-12-16 03:16:56] local.ERROR: exception 'Illuminate\Database\QueryException' with message 'SQLSTATE[42S02]: Base table or view not found: 1146 Table 'mysql.users' doesn't exist (SQL: select * from `users` where `email` =  limit 1)' in /Users/kentheman23/P4/vendor/laravel/framework/src/Illuminate/Database/Connection.php:555
Stack trace:
#0 /Users/kentheman23/P4/vendor/laravel/framework/src/Illuminate/Database/Connection.php(283): Illuminate\Database\Connection->run('select * from `...', Array, Object(Closure))
#1 /Users/kentheman23/P4/vendor/laravel/framework/src/Illuminate/Database/Query/Builder.php(1360): Illuminate\Database\Connection->select('select * from `...', Array)
#2 /Users/kentheman23/P4/vendor/laravel/framework/src/Illuminate/Database/Query/Builder.php(1350): Illuminate\Database\Query\Builder->runSelect()
#3 /Users/kentheman23/P4/vendor/laravel/framework/src/Illuminate/Database/Query/Builder.php(1337): Illuminate\Database\Query\Builder->getFresh(Array)
#4 /Users/kentheman23/P4/vendor/laravel/framework/src/Illuminate/Database/Eloquent/Builder.php(416): Illuminate\Database\Query\Builder->get(Array)
#5 /Users/kentheman23/P4/vendor/laravel/framework/src/Illuminate/Database/Eloquent/Builder.php(151): Illuminate\Database\Eloquent\Builder->getModels(Array)
#6 /Users/kentheman23/P4/vendor/laravel/framework/src/Illuminate/Database/Eloquent/Builder.php(125): Illuminate\Database\Eloquent\Builder->get(Array)
#7 /Users/kentheman23/P4/vendor/laravel/framework/src/Illuminate/Auth/EloquentUserProvider.php(94): Illuminate\Database\Eloquent\Builder->first()
#8 /Users/kentheman23/P4/vendor/laravel/framework/src/Illuminate/Auth/Guard.php(346): Illuminate\Auth\EloquentUserProvider->retrieveByCredentials(Array)
#9 [internal function]: Illuminate\Auth\Guard->attempt(Array, true)
#10 /Users/kentheman23/P4/vendor/laravel/framework/src/Illuminate/Support/Manager.php(138): call_user_func_array(Array, Array)
#11 /Users/kentheman23/P4/vendor/laravel/framework/src/Illuminate/Support/Facades/Facade.php(211): Illuminate\Support\Manager->__call('attempt', Array)
#12 /Users/kentheman23/P4/vendor/laravel/framework/src/Illuminate/Support/Facades/Facade.php(211): Illuminate\Auth\AuthManager->attempt(Array, true)
#13 /Users/kentheman23/P4/app/routes.php(95): Illuminate\Support\Facades\Facade::__callStatic('attempt', Array)
#14 /Users/kentheman23/P4/app/routes.php(95): Illuminate\Support\Facades\Auth::attempt(Array, true)
#15 [internal function]: {closure}()
#16 /Users/kentheman23/P4/vendor/laravel/framework/src/Illuminate/Routing/Route.php(105): call_user_func_array(Object(Closure), Array)
#17 /Users/kentheman23/P4/vendor/laravel/framework/src/Illuminate/Routing/Router.php(996): Illuminate\Routing\Route->run(Object(Illuminate\Http\Request))
#18 /Users/kentheman23/P4/vendor/laravel/framework/src/Illuminate/Routing/Router.php(964): Illuminate\Routing\Router->dispatchToRoute(Object(Illuminate\Http\Request))
#19 /Users/kentheman23/P4/vendor/laravel/framework/src/Illuminate/Foundation/Application.php(738): Illuminate\Routing\Router->dispatch(Object(Illuminate\Http\Request))
#20 /Users/kentheman23/P4/vendor/laravel/framework/src/Illuminate/Foundation/Application.php(708): Illuminate\Foundation\Application->dispatch(Object(Illuminate\Http\Request))
#21 /Users/kentheman23/P4/vendor/laravel/framework/src/Illuminate/Session/Middleware.php(72): Illuminate\Foundation\Application->handle(Object(Illuminate\Http\Request), 1, true)
#22 /Users/kentheman23/P4/vendor/laravel/framework/src/Illuminate/Cookie/Queue.php(47): Illuminate\Session\Middleware->handle(Object(Illuminate\Http\Request), 1, true)
#23 /Users/kentheman23/P4/vendor/laravel/framework/src/Illuminate/Cookie/Guard.php(51): Illuminate\Cookie\Queue->handle(Object(Illuminate\Http\Request), 1, true)
#24 /Users/kentheman23/P4/vendor/stack/builder/src/Stack/StackedHttpKernel.php(23): Illuminate\Cookie\Guard->handle(Object(Illuminate\Http\Request), 1, true)
#25 /Users/kentheman23/P4/vendor/laravel/framework/src/Illuminate/Foundation/Application.php(606): Stack\StackedHttpKernel->handle(Object(Illuminate\Http\Request))
#26 /Users/kentheman23/P4/public/index.php(49): Illuminate\Foundation\Application->run()
#27 {main} [] []
[2014-12-16 05:48:17] local.ERROR: exception 'Symfony\Component\Debug\Exception\FatalErrorException' with message 'Class 'Concoction' not found' in /Users/kentheman23/P4/app/routes.php:487
Stack trace:
#0 [internal function]: Illuminate\Exception\Handler->handleShutdown()
#1 {main} [] []
[2014-12-16 07:11:44] local.ERROR: exception 'Symfony\Component\HttpKernel\Exception\NotFoundHttpException' in /Users/kentheman23/P4/vendor/laravel/framework/src/Illuminate/Routing/RouteCollection.php:146
Stack trace:
#0 /Users/kentheman23/P4/vendor/laravel/framework/src/Illuminate/Routing/Router.php(1017): Illuminate\Routing\RouteCollection->match(Object(Illuminate\Http\Request))
#1 /Users/kentheman23/P4/vendor/laravel/framework/src/Illuminate/Routing/Router.php(985): Illuminate\Routing\Router->findRoute(Object(Illuminate\Http\Request))
#2 /Users/kentheman23/P4/vendor/laravel/framework/src/Illuminate/Routing/Router.php(964): Illuminate\Routing\Router->dispatchToRoute(Object(Illuminate\Http\Request))
#3 /Users/kentheman23/P4/vendor/laravel/framework/src/Illuminate/Foundation/Application.php(738): Illuminate\Routing\Router->dispatch(Object(Illuminate\Http\Request))
#4 /Users/kentheman23/P4/vendor/laravel/framework/src/Illuminate/Foundation/Application.php(708): Illuminate\Foundation\Application->dispatch(Object(Illuminate\Http\Request))
#5 /Users/kentheman23/P4/vendor/laravel/framework/src/Illuminate/Session/Middleware.php(72): Illuminate\Foundation\Application->handle(Object(Illuminate\Http\Request), 1, true)
#6 /Users/kentheman23/P4/vendor/laravel/framework/src/Illuminate/Cookie/Queue.php(47): Illuminate\Session\Middleware->handle(Object(Illuminate\Http\Request), 1, true)
#7 /Users/kentheman23/P4/vendor/laravel/framework/src/Illuminate/Cookie/Guard.php(51): Illuminate\Cookie\Queue->handle(Object(Illuminate\Http\Request), 1, true)
#8 /Users/kentheman23/P4/vendor/stack/builder/src/Stack/StackedHttpKernel.php(23): Illuminate\Cookie\Guard->handle(Object(Illuminate\Http\Request), 1, true)
#9 /Users/kentheman23/P4/vendor/laravel/framework/src/Illuminate/Foundation/Application.php(606): Stack\StackedHttpKernel->handle(Object(Illuminate\Http\Request))
#10 /Users/kentheman23/P4/public/index.php(49): Illuminate\Foundation\Application->run()
#11 {main} [] []
